I, [2014-01-07T09:32:29.992088 #52218]  INFO -- : Started GET "/surveys/1" for 127.0.0.1 at 2014-01-07 09:32:29 -0500
I, [2014-01-07T09:32:30.190625 #52218]  INFO -- : Processing by SurveysController#show as HTML
I, [2014-01-07T09:32:30.190736 #52218]  INFO -- :   Parameters: {"id"=>"1"}
I, [2014-01-07T09:32:30.333187 #52218]  INFO -- : Redirected to http://localhost:3000/
I, [2014-01-07T09:32:30.333955 #52218]  INFO -- : Completed 302 Found in 143ms (ActiveRecord: 65.4ms)
I, [2014-01-07T09:32:30.350075 #52218]  INFO -- : Started GET "/" for 127.0.0.1 at 2014-01-07 09:32:30 -0500
I, [2014-01-07T09:32:30.352752 #52218]  INFO -- : Processing by SurveysController#index as HTML
I, [2014-01-07T09:32:30.481297 #52218]  INFO -- :   Rendered surveys/index.html.erb within layouts/application (66.3ms)
I, [2014-01-07T09:32:30.486348 #52218]  INFO -- :   Rendered layouts/_navbar.html.erb (0.9ms)
I, [2014-01-07T09:32:30.489482 #52218]  INFO -- :   Rendered layouts/_navbar_right.html.erb (1.4ms)
I, [2014-01-07T09:32:30.491682 #52218]  INFO -- :   Rendered layouts/_sidebar.html.erb (0.8ms)
I, [2014-01-07T09:32:30.492284 #52218]  INFO -- : Completed 200 OK in 139ms (Views: 81.3ms | ActiveRecord: 16.4ms)
I, [2014-01-07T09:39:25.379715 #52218]  INFO -- : Started GET "/" for 127.0.0.1 at 2014-01-07 09:39:25 -0500
I, [2014-01-07T09:39:25.455061 #52218]  INFO -- : Processing by SurveysController#index as HTML
I, [2014-01-07T09:39:25.620302 #52218]  INFO -- :   Rendered surveys/index.html.erb within layouts/application (18.2ms)
I, [2014-01-07T09:39:25.623033 #52218]  INFO -- :   Rendered layouts/_navbar.html.erb (0.2ms)
I, [2014-01-07T09:39:25.624389 #52218]  INFO -- :   Rendered layouts/_navbar_right.html.erb (0.9ms)
I, [2014-01-07T09:39:25.625471 #52218]  INFO -- :   Rendered layouts/_sidebar.html.erb (0.6ms)
I, [2014-01-07T09:39:25.626819 #52218]  INFO -- : Completed 200 OK in 171ms (Views: 25.5ms | ActiveRecord: 7.8ms)
I, [2014-01-07T09:45:39.197494 #52389]  INFO -- : Started GET "/" for 127.0.0.1 at 2014-01-07 09:45:39 -0500
I, [2014-01-07T09:45:39.301623 #52389]  INFO -- : Processing by SurveysController#index as HTML
I, [2014-01-07T09:45:39.551314 #52389]  INFO -- :   Rendered surveys/index.html.erb within layouts/application (26.4ms)
I, [2014-01-07T09:45:39.556258 #52389]  INFO -- :   Rendered layouts/_navbar.html.erb (0.6ms)
I, [2014-01-07T09:45:39.559341 #52389]  INFO -- :   Rendered layouts/_navbar_right.html.erb (1.5ms)
I, [2014-01-07T09:45:39.562160 #52389]  INFO -- :   Rendered layouts/_sidebar.html.erb (1.0ms)
I, [2014-01-07T09:45:39.562706 #52389]  INFO -- : Completed 200 OK in 261ms (Views: 38.7ms | ActiveRecord: 69.8ms)
I, [2014-01-07T09:45:49.507848 #52389]  INFO -- : Started GET "/path1" for 127.0.0.1 at 2014-01-07 09:45:49 -0500
F, [2014-01-07T09:45:49.509986 #52389] FATAL -- : 
ActionController::RoutingError (No route matches [GET] "/path1"):
  actionpack (4.0.0) lib/action_dispatch/middleware/debug_exceptions.rb:21:in `call'
  actionpack (4.0.0) lib/action_dispatch/middleware/show_exceptions.rb:30:in `call'
  railties (4.0.0) lib/rails/rack/logger.rb:38:in `call_app'
  railties (4.0.0) lib/rails/rack/logger.rb:21:in `block in call'
  activesupport (4.0.0) lib/active_support/tagged_logging.rb:67:in `block in tagged'
  activesupport (4.0.0) lib/active_support/tagged_logging.rb:25:in `tagged'
  activesupport (4.0.0) lib/active_support/tagged_logging.rb:67:in `tagged'
  railties (4.0.0) lib/rails/rack/logger.rb:21:in `call'
  actionpack (4.0.0) lib/action_dispatch/middleware/request_id.rb:21:in `call'
  rack (1.5.2) lib/rack/methodoverride.rb:21:in `call'
  rack (1.5.2) lib/rack/runtime.rb:17:in `call'
  actionpack (4.0.0) lib/action_dispatch/middleware/static.rb:64:in `call'
  railties (4.0.0) lib/rails/engine.rb:511:in `call'
  railties (4.0.0) lib/rails/application.rb:97:in `call'
  rack (1.5.2) lib/rack/lock.rb:17:in `call'
  rack (1.5.2) lib/rack/content_length.rb:14:in `call'
  rack (1.5.2) lib/rack/handler/webrick.rb:60:in `service'
  /usr/local/var/rbenv/versions/2.0.0-p195/lib/ruby/2.0.0/webrick/httpserver.rb:138:in `service'
  /usr/local/var/rbenv/versions/2.0.0-p195/lib/ruby/2.0.0/webrick/httpserver.rb:94:in `run'
  /usr/local/var/rbenv/versions/2.0.0-p195/lib/ruby/2.0.0/webrick/server.rb:295:in `block in start_thread'


I, [2014-01-07T09:45:49.529314 #52389]  INFO -- : Started GET "/path1" for 127.0.0.1 at 2014-01-07 09:45:49 -0500
F, [2014-01-07T09:45:49.531071 #52389] FATAL -- : 
ActionController::RoutingError (No route matches [GET] "/path1"):
  actionpack (4.0.0) lib/action_dispatch/middleware/debug_exceptions.rb:21:in `call'
  actionpack (4.0.0) lib/action_dispatch/middleware/show_exceptions.rb:30:in `call'
  railties (4.0.0) lib/rails/rack/logger.rb:38:in `call_app'
  railties (4.0.0) lib/rails/rack/logger.rb:21:in `block in call'
  activesupport (4.0.0) lib/active_support/tagged_logging.rb:67:in `block in tagged'
  activesupport (4.0.0) lib/active_support/tagged_logging.rb:25:in `tagged'
  activesupport (4.0.0) lib/active_support/tagged_logging.rb:67:in `tagged'
  railties (4.0.0) lib/rails/rack/logger.rb:21:in `call'
  actionpack (4.0.0) lib/action_dispatch/middleware/request_id.rb:21:in `call'
  rack (1.5.2) lib/rack/methodoverride.rb:21:in `call'
  rack (1.5.2) lib/rack/runtime.rb:17:in `call'
  actionpack (4.0.0) lib/action_dispatch/middleware/static.rb:64:in `call'
  railties (4.0.0) lib/rails/engine.rb:511:in `call'
  railties (4.0.0) lib/rails/application.rb:97:in `call'
  rack (1.5.2) lib/rack/lock.rb:17:in `call'
  rack (1.5.2) lib/rack/content_length.rb:14:in `call'
  rack (1.5.2) lib/rack/handler/webrick.rb:60:in `service'
  /usr/local/var/rbenv/versions/2.0.0-p195/lib/ruby/2.0.0/webrick/httpserver.rb:138:in `service'
  /usr/local/var/rbenv/versions/2.0.0-p195/lib/ruby/2.0.0/webrick/httpserver.rb:94:in `run'
  /usr/local/var/rbenv/versions/2.0.0-p195/lib/ruby/2.0.0/webrick/server.rb:295:in `block in start_thread'


